<?xml version="1.0" encoding="UTF-8"?>
<!-- Generated by org.testng.reporters.JUnitReportReporter -->
<testsuite hostname="Akshay" failures="0" tests="1" name="HomePageTest.ToVerifyHomePageTitle" time="15.781" errors="0" timestamp="2023-02-01T20:59:32 IST" skipped="0">
  <testcase classname="HomePageTest.ToVerifyHomePageTitle" name="toVerifyPageTitleTest" time="15.781"/>
  <system-out/>
</testsuite> <!-- HomePageTest.ToVerifyHomePageTitle -->
